Reading netlist file: "D:\docs\ostim\digital\gowin\neorv32_tangnano9k\impl\gwsynthesis\neorv32_tangnano9k.vg"
Parsing netlist file "D:\docs\ostim\digital\gowin\neorv32_tangnano9k\impl\gwsynthesis\neorv32_tangnano9k.vg" completed
Processing netlist completed
Reading constraint file: "D:\docs\ostim\digital\gowin\neorv32_tangnano9k\src\tang-nano-9k_test_setup_bootloader.cst"
Physical Constraint parsed completed
Running placement......
[10%] Placement Phase 0 completed
[20%] Placement Phase 1 completed
[30%] Placement Phase 2 completed
WARN  (TA1132) :  'clk_i' was determined to be a clock but was not created.
[50%] Placement Phase 3 completed
Running routing......
[60%] Routing Phase 0 completed
[70%] Routing Phase 1 completed
[80%] Routing Phase 2 completed
[90%] Routing Phase 3 completed
Running timing analysis......
[95%] Timing analysis completed
Placement and routing completed
Bitstream generation in progress......
Bitstream generation completed
Running power analysis......
[100%] Power analysis completed
Generate file "D:\docs\ostim\digital\gowin\neorv32_tangnano9k\impl\pnr\neorv32_tangnano9k.power.html" completed
Generate file "D:\docs\ostim\digital\gowin\neorv32_tangnano9k\impl\pnr\neorv32_tangnano9k.pin.html" completed
Generate file "D:\docs\ostim\digital\gowin\neorv32_tangnano9k\impl\pnr\neorv32_tangnano9k.rpt.html" completed
Generate file "D:\docs\ostim\digital\gowin\neorv32_tangnano9k\impl\pnr\neorv32_tangnano9k.rpt.txt" completed
Generate file "D:\docs\ostim\digital\gowin\neorv32_tangnano9k\impl\pnr\neorv32_tangnano9k.tr.html" completed
Sun Mar 29 11:03:04 2026

